2022-11-17 07:01:36 notice: Please change the value of `Security.salt` in `ROOT/config/app_local.php` to a random value of at least 32 characters.
Request URL: /
Trace:
Cake\Error\Debugger::checkSecurityKeys() C:\xampp\htdocs\MyM2\vendor\cakephp\cakephp\src\Error\Debugger.php, line 1147
include C:\xampp\htdocs\MyM2\templates\Pages\home.php, line 98
Cake\View\View::_evaluate() C:\xampp\htdocs\MyM2\vendor\cakephp\cakephp\src\View\View.php, line 1220
Cake\View\View::_render() C:\xampp\htdocs\MyM2\vendor\cakephp\cakephp\src\View\View.php, line 1177
Cake\View\View::render() C:\xampp\htdocs\MyM2\vendor\cakephp\cakephp\src\View\View.php, line 808
Cake\Controller\Controller::render() C:\xampp\htdocs\MyM2\vendor\cakephp\cakephp\src\Controller\Controller.php, line 773
App\Controller\PagesController::display() C:\xampp\htdocs\MyM2\src\Controller\PagesController.php, line 65
Cake\Controller\Controller::invokeAction() C:\xampp\htdocs\MyM2\vendor\cakephp\cakephp\src\Controller\Controller.php, line 547
Cake\Controller\ControllerFactory::handle() C:\xampp\htdocs\MyM2\vendor\cakephp\cakephp\src\Controller\ControllerFactory.php, line 139
Cake\Controller\ControllerFactory::invoke() C:\xampp\htdocs\MyM2\vendor\cakephp\cakephp\src\Controller\ControllerFactory.php, line 114
Cake\Http\BaseApplication::handle() C:\xampp\htdocs\MyM2\vendor\cakephp\cakephp\src\Http\BaseApplication.php, line 320
Cake\Http\Runner::handle() C:\xampp\htdocs\MyM2\vendor\cakephp\cakephp\src\Http\Runner.php, line 77
Cake\Http\Middleware\CsrfProtectionMiddleware::process() C:\xampp\htdocs\MyM2\vendor\cakephp\cakephp\src\Http\Middleware\CsrfProtectionMiddleware.php, line 174
Cake\Http\Runner::handle() C:\xampp\htdocs\MyM2\vendor\cakephp\cakephp\src\Http\Runner.php, line 73
Cake\Http\Middleware\BodyParserMiddleware::process() C:\xampp\htdocs\MyM2\vendor\cakephp\cakephp\src\Http\Middleware\BodyParserMiddleware.php, line 157
Cake\Http\Runner::handle() C:\xampp\htdocs\MyM2\vendor\cakephp\cakephp\src\Http\Runner.php, line 73
Cake\Routing\Middleware\RoutingMiddleware::process() C:\xampp\htdocs\MyM2\vendor\cakephp\cakephp\src\Routing\Middleware\RoutingMiddleware.php, line 186
Cake\Http\Runner::handle() C:\xampp\htdocs\MyM2\vendor\cakephp\cakephp\src\Http\Runner.php, line 73
Cake\Routing\Middleware\AssetMiddleware::process() C:\xampp\htdocs\MyM2\vendor\cakephp\cakephp\src\Routing\Middleware\AssetMiddleware.php, line 68
Cake\Http\Runner::handle() C:\xampp\htdocs\MyM2\vendor\cakephp\cakephp\src\Http\Runner.php, line 73
Cake\Error\Middleware\ErrorHandlerMiddleware::process() C:\xampp\htdocs\MyM2\vendor\cakephp\cakephp\src\Error\Middleware\ErrorHandlerMiddleware.php, line 131
Cake\Http\Runner::handle() C:\xampp\htdocs\MyM2\vendor\cakephp\cakephp\src\Http\Runner.php, line 73
DebugKit\Middleware\DebugKitMiddleware::process() C:\xampp\htdocs\MyM2\vendor\cakephp\debug_kit\src\Middleware\DebugKitMiddleware.php, line 60
Cake\Http\Runner::handle() C:\xampp\htdocs\MyM2\vendor\cakephp\cakephp\src\Http\Runner.php, line 73
Cake\Http\Runner::run() C:\xampp\htdocs\MyM2\vendor\cakephp\cakephp\src\Http\Runner.php, line 58
Cake\Http\Server::run() C:\xampp\htdocs\MyM2\vendor\cakephp\cakephp\src\Http\Server.php, line 90
[main] C:\xampp\htdocs\MyM2\webroot\index.php, line 40

